<?xml version="1.0" encoding="UTF-8"?>
<!-- Generated by org.testng.reporters.JUnitReportReporter -->
<testsuite skipped="0" hostname="Ashwin" name="testRunner.TestRunner" tests="1" failures="0" timestamp="2020-08-18T22:34:28 IST" time="181.947" errors="0">
  <testcase name="runScenario" time="181.947" classname="testRunner.TestRunner"/>
  <system-out/>
</testsuite> <!-- testRunner.TestRunner -->
