<?xml version="1.0" encoding="UTF-8"?>
<!-- Generated by org.testng.reporters.JUnitReportReporter -->
<testsuite skipped="3" hostname="Ashwin" name="testRunner.TestRunner" tests="3" failures="0" timestamp="2020-08-20T16:32:19 IST" time="0.635" errors="0">
  <testcase name="runScenario" time="0.438" classname="testRunner.TestRunner">
    <skipped/>
  </testcase> <!-- runScenario -->
  <system-out/>
  <testcase name="runScenario" time="0.041" classname="testRunner.TestRunner">
    <skipped/>
  </testcase> <!-- runScenario -->
  <system-out/>
  <testcase name="runScenario" time="0.156" classname="testRunner.TestRunner">
    <skipped/>
  </testcase> <!-- runScenario -->
  <system-out/>
</testsuite> <!-- testRunner.TestRunner -->
