<?xml version="1.0" encoding="UTF-8"?>
<!-- Generated by org.testng.reporters.JUnitReportReporter -->
<testsuite skipped="0" hostname="Ashwin" name="testRunner.TestRunner" tests="3" failures="0" timestamp="2020-08-21T12:48:14 IST" time="144.601" errors="0">
  <testcase name="runScenario" time="24.534" classname="testRunner.TestRunner"/>
  <system-out/>
  <testcase name="runScenario" time="84.563" classname="testRunner.TestRunner"/>
  <system-out/>
  <testcase name="runScenario" time="35.504" classname="testRunner.TestRunner"/>
  <system-out/>
</testsuite> <!-- testRunner.TestRunner -->
